app/build/intermediates/manifest_merge_blame_file/debug/processDebugMainManifest/manifest-merger-blame-debug-report.txt
1<?xml version="1.0" encoding="utf-8"?>
2<manifest xmlns:android="http://schemas.android.com/apk/res/android"
3    package="com.example.inheck"
4    android:versionCode="1"
5    android:versionName="1.0" >
6
7    <uses-sdk
8        android:minSdkVersion="26"
9        android:targetSdkVersion="36" />
10
11    <uses-permission android:name="android.permission.READ_MEDIA_IMAGES" />
11-->src\main\AndroidManifest.xml:5:5-75
11-->src\main\AndroidManifest.xml:5:22-73
12    <uses-permission
12-->src\main\AndroidManifest.xml:6:5-7:37
13        android:name="android.permission.READ_EXTERNAL_STORAGE"
13-->src\main\AndroidManifest.xml:6:22-77
14        android:maxSdkVersion="32" />
14-->src\main\AndroidManifest.xml:7:9-35
15
16    <!-- Include required permissions for Analytics to run. -->
17    <uses-permission android:name="android.permission.INTERNET" />
17-->[com.google.android.gms:play-services-analytics-impl:18.2.0] AndroidManifest.xml:23:5-67
17-->[com.google.android.gms:play-services-analytics-impl:18.2.0] AndroidManifest.xml:23:22-64
18    <uses-permission android:name="android.permission.ACCESS_NETWORK_STATE" /> <!-- Optional permission for Analytics to run. -->
18-->[com.google.android.gms:play-services-analytics-impl:18.2.0] AndroidManifest.xml:24:5-79
18-->[com.google.android.gms:play-services-analytics-impl:18.2.0] AndroidManifest.xml:24:22-76
19    <uses-permission android:name="android.permission.WAKE_LOCK" />
19-->[com.google.android.gms:play-services-analytics-impl:18.2.0] AndroidManifest.xml:27:5-68
19-->[com.google.android.gms:play-services-analytics-impl:18.2.0] AndroidManifest.xml:27:22-65
20    <uses-permission android:name="com.example.inheck.DYNAMIC_RECEIVER_NOT_EXPORTED_PERMISSION" />
20-->[com.google.android.gms:play-services-analytics-impl:18.2.0] AndroidManifest.xml:28:5-97
20-->[com.google.android.gms:play-services-analytics-impl:18.2.0] AndroidManifest.xml:28:22-94
21    <uses-permission android:name="com.google.android.gms.permission.AD_ID" />
21-->[com.google.android.gms:play-services-ads-identifier:18.1.0] AndroidManifest.xml:7:5-79
21-->[com.google.android.gms:play-services-ads-identifier:18.1.0] AndroidManifest.xml:7:22-76
22
23    <permission
23-->[androidx.core:core:1.16.0] AndroidManifest.xml:22:5-24:47
24        android:name="com.example.inheck.DYNAMIC_RECEIVER_NOT_EXPORTED_PERMISSION"
24-->[androidx.core:core:1.16.0] AndroidManifest.xml:23:9-81
25        android:protectionLevel="signature" />
25-->[androidx.core:core:1.16.0] AndroidManifest.xml:24:9-44
26
27    <uses-permission android:name="android.permission.REORDER_TASKS" />
27-->[androidx.test:core:1.7.0] AndroidManifest.xml:24:5-72
27-->[androidx.test:core:1.7.0] AndroidManifest.xml:24:22-69
28
29    <queries>
29-->[androidx.test:runner:1.7.0] AndroidManifest.xml:24:5-28:15
30        <package android:name="androidx.test.orchestrator" />
30-->[androidx.test:runner:1.7.0] AndroidManifest.xml:25:9-62
30-->[androidx.test:runner:1.7.0] AndroidManifest.xml:25:18-59
31        <package android:name="androidx.test.services" />
31-->[androidx.test:runner:1.7.0] AndroidManifest.xml:26:9-58
31-->[androidx.test:runner:1.7.0] AndroidManifest.xml:26:18-55
32        <package android:name="com.google.android.apps.common.testing.services" />
32-->[androidx.test:runner:1.7.0] AndroidManifest.xml:27:9-83
32-->[androidx.test:runner:1.7.0] AndroidManifest.xml:27:18-80
33    </queries>
34
35    <application
35-->src\main\AndroidManifest.xml:9:5-29:19
36        android:allowBackup="true"
36-->src\main\AndroidManifest.xml:10:9-35
37        android:appComponentFactory="androidx.core.app.CoreComponentFactory"
37-->[androidx.core:core:1.16.0] AndroidManifest.xml:28:18-86
38        android:dataExtractionRules="@xml/data_extraction_rules"
38-->src\main\AndroidManifest.xml:11:9-65
39        android:extractNativeLibs="false"
40        android:fullBackupContent="@xml/backup_rules"
40-->src\main\AndroidManifest.xml:12:9-54
41        android:icon="@mipmap/ic_launcher"
41-->src\main\AndroidManifest.xml:13:9-43
42        android:label="@string/app_name"
42-->src\main\AndroidManifest.xml:14:9-41
43        android:roundIcon="@mipmap/ic_launcher_round"
43-->src\main\AndroidManifest.xml:15:9-54
44        android:supportsRtl="true"
44-->src\main\AndroidManifest.xml:16:9-35
45        android:testOnly="true"
46        android:theme="@style/Theme.InСheck" >
46-->src\main\AndroidManifest.xml:17:9-45
47        <activity
47-->src\main\AndroidManifest.xml:18:9-28:20
48            android:name="com.example.inheck.MainActivity"
48-->src\main\AndroidManifest.xml:19:13-41
49            android:exported="true"
49-->src\main\AndroidManifest.xml:20:13-36
50            android:label="@string/app_name"
50-->src\main\AndroidManifest.xml:21:13-45
51            android:theme="@style/Theme.InСheck" >
51-->src\main\AndroidManifest.xml:22:13-49
52            <intent-filter>
52-->src\main\AndroidManifest.xml:23:13-27:29
53                <action android:name="android.intent.action.MAIN" />
53-->src\main\AndroidManifest.xml:24:17-69
53-->src\main\AndroidManifest.xml:24:25-66
54
55                <category android:name="android.intent.category.LAUNCHER" />
55-->src\main\AndroidManifest.xml:26:17-77
55-->src\main\AndroidManifest.xml:26:27-74
56            </intent-filter>
57        </activity>
58
59        <profileable
60            android:enabled="true"
61            android:shell="true" />
62
63        <service
63-->[androidx.room:room-runtime:2.6.1] AndroidManifest.xml:24:9-28:63
64            android:name="androidx.room.MultiInstanceInvalidationService"
64-->[androidx.room:room-runtime:2.6.1] AndroidManifest.xml:25:13-74
65            android:directBootAware="true"
65-->[androidx.room:room-runtime:2.6.1] AndroidManifest.xml:26:13-43
66            android:exported="false" />
66-->[androidx.room:room-runtime:2.6.1] AndroidManifest.xml:27:13-37
67        <service
67-->[com.google.android.gms:play-services-mlkit-text-recognition-common:19.0.0] AndroidManifest.xml:9:9-15:19
68            android:name="com.google.mlkit.common.internal.MlKitComponentDiscoveryService"
68-->[com.google.android.gms:play-services-mlkit-text-recognition-common:19.0.0] AndroidManifest.xml:10:13-91
69            android:directBootAware="true"
69-->[com.google.mlkit:common:18.8.0] AndroidManifest.xml:17:13-43
70            android:exported="false" >
70-->[com.google.android.gms:play-services-mlkit-text-recognition-common:19.0.0] AndroidManifest.xml:11:13-37
71            <meta-data
71-->[com.google.android.gms:play-services-mlkit-text-recognition-common:19.0.0] AndroidManifest.xml:12:13-14:85
72                android:name="com.google.firebase.components:com.google.mlkit.vision.text.internal.TextRegistrar"
72-->[com.google.android.gms:play-services-mlkit-text-recognition-common:19.0.0] AndroidManifest.xml:13:17-114
73                android:value="com.google.firebase.components.ComponentRegistrar" />
73-->[com.google.android.gms:play-services-mlkit-text-recognition-common:19.0.0] AndroidManifest.xml:14:17-82
74            <meta-data
74-->[com.google.mlkit:vision-common:17.3.0] AndroidManifest.xml:12:13-14:85
75                android:name="com.google.firebase.components:com.google.mlkit.vision.common.internal.VisionCommonRegistrar"
75-->[com.google.mlkit:vision-common:17.3.0] AndroidManifest.xml:13:17-124
76                android:value="com.google.firebase.components.ComponentRegistrar" />
76-->[com.google.mlkit:vision-common:17.3.0] AndroidManifest.xml:14:17-82
77            <meta-data
77-->[com.google.mlkit:common:18.8.0] AndroidManifest.xml:20:13-22:85
78                android:name="com.google.firebase.components:com.google.mlkit.common.internal.CommonComponentRegistrar"
78-->[com.google.mlkit:common:18.8.0] AndroidManifest.xml:21:17-120
79                android:value="com.google.firebase.components.ComponentRegistrar" />
79-->[com.google.mlkit:common:18.8.0] AndroidManifest.xml:22:17-82
80        </service>
81
82        <provider
82-->[com.google.mlkit:common:18.8.0] AndroidManifest.xml:9:9-13:38
83            android:name="com.google.mlkit.common.internal.MlKitInitProvider"
83-->[com.google.mlkit:common:18.8.0] AndroidManifest.xml:10:13-78
84            android:authorities="com.example.inheck.mlkitinitprovider"
84-->[com.google.mlkit:common:18.8.0] AndroidManifest.xml:11:13-69
85            android:exported="false"
85-->[com.google.mlkit:common:18.8.0] AndroidManifest.xml:12:13-37
86            android:initOrder="99" />
86-->[com.google.mlkit:common:18.8.0] AndroidManifest.xml:13:13-35
87
88        <activity
88-->[com.google.android.gms:play-services-base:18.5.0] AndroidManifest.xml:5:9-173
89            android:name="com.google.android.gms.common.api.GoogleApiActivity"
89-->[com.google.android.gms:play-services-base:18.5.0] AndroidManifest.xml:5:19-85
90            android:exported="false"
90-->[com.google.android.gms:play-services-base:18.5.0] AndroidManifest.xml:5:146-170
91            android:theme="@android:style/Theme.Translucent.NoTitleBar" />
91-->[com.google.android.gms:play-services-base:18.5.0] AndroidManifest.xml:5:86-145
92
93        <meta-data
93-->[com.google.android.gms:play-services-basement:18.4.0] AndroidManifest.xml:6:9-122
94            android:name="com.google.android.gms.version"
94-->[com.google.android.gms:play-services-basement:18.4.0] AndroidManifest.xml:6:20-65
95            android:value="@integer/google_play_services_version" />
95-->[com.google.android.gms:play-services-basement:18.4.0] AndroidManifest.xml:6:66-119
96
97        <activity
97-->[androidx.compose.ui:ui-test-manifest:1.11.2] AndroidManifest.xml:23:9-26:79
98            android:name="androidx.activity.ComponentActivity"
98-->[androidx.compose.ui:ui-test-manifest:1.11.2] AndroidManifest.xml:24:13-63
99            android:exported="true"
99-->[androidx.compose.ui:ui-test-manifest:1.11.2] AndroidManifest.xml:25:13-36
100            android:theme="@android:style/Theme.Material.Light.NoActionBar" />
100-->[androidx.compose.ui:ui-test-manifest:1.11.2] AndroidManifest.xml:26:13-76
101
102        <provider
102-->[androidx.emoji2:emoji2:1.4.0] AndroidManifest.xml:24:9-32:20
103            android:name="androidx.startup.InitializationProvider"
103-->[androidx.emoji2:emoji2:1.4.0] AndroidManifest.xml:25:13-67
104            android:authorities="com.example.inheck.androidx-startup"
104-->[androidx.emoji2:emoji2:1.4.0] AndroidManifest.xml:26:13-68
105            android:exported="false" >
105-->[androidx.emoji2:emoji2:1.4.0] AndroidManifest.xml:27:13-37
106            <meta-data
106-->[androidx.emoji2:emoji2:1.4.0] AndroidManifest.xml:29:13-31:52
107                android:name="androidx.emoji2.text.EmojiCompatInitializer"
107-->[androidx.emoji2:emoji2:1.4.0] AndroidManifest.xml:30:17-75
108                android:value="androidx.startup" />
108-->[androidx.emoji2:emoji2:1.4.0] AndroidManifest.xml:31:17-49
109            <meta-data
109-->[androidx.lifecycle:lifecycle-process:2.9.4] AndroidManifest.xml:29:13-31:52
110                android:name="androidx.lifecycle.ProcessLifecycleInitializer"
110-->[androidx.lifecycle:lifecycle-process:2.9.4] AndroidManifest.xml:30:17-78
111                android:value="androidx.startup" />
111-->[androidx.lifecycle:lifecycle-process:2.9.4] AndroidManifest.xml:31:17-49
112            <meta-data
112-->[androidx.profileinstaller:profileinstaller:1.4.0] AndroidManifest.xml:29:13-31:52
113                android:name="androidx.profileinstaller.ProfileInstallerInitializer"
113-->[androidx.profileinstaller:profileinstaller:1.4.0] AndroidManifest.xml:30:17-85
114                android:value="androidx.startup" />
114-->[androidx.profileinstaller:profileinstaller:1.4.0] AndroidManifest.xml:31:17-49
115        </provider>
116
117        <uses-library
117-->[androidx.window:window:1.5.0] AndroidManifest.xml:23:9-25:40
118            android:name="androidx.window.extensions"
118-->[androidx.window:window:1.5.0] AndroidManifest.xml:24:13-54
119            android:required="false" />
119-->[androidx.window:window:1.5.0] AndroidManifest.xml:25:13-37
120        <uses-library
120-->[androidx.window:window:1.5.0] AndroidManifest.xml:26:9-28:40
121            android:name="androidx.window.sidecar"
121-->[androidx.window:window:1.5.0] AndroidManifest.xml:27:13-51
122            android:required="false" />
122-->[androidx.window:window:1.5.0] AndroidManifest.xml:28:13-37
123
124        <activity
124-->[androidx.test:core:1.7.0] AndroidManifest.xml:27:9-34:20
125            android:name="androidx.test.core.app.InstrumentationActivityInvoker$BootstrapActivity"
125-->[androidx.test:core:1.7.0] AndroidManifest.xml:28:13-99
126            android:exported="true"
126-->[androidx.test:core:1.7.0] AndroidManifest.xml:29:13-36
127            android:theme="@style/WhiteBackgroundTheme" >
127-->[androidx.test:core:1.7.0] AndroidManifest.xml:30:13-56
128            <intent-filter android:priority="-100" >
128-->[androidx.test:core:1.7.0] AndroidManifest.xml:31:13-33:29
128-->[androidx.test:core:1.7.0] AndroidManifest.xml:31:28-51
129                <category android:name="android.intent.category.LAUNCHER" />
129-->src\main\AndroidManifest.xml:26:17-77
129-->src\main\AndroidManifest.xml:26:27-74
130            </intent-filter>
131        </activity>
132        <activity
132-->[androidx.test:core:1.7.0] AndroidManifest.xml:35:9-42:20
133            android:name="androidx.test.core.app.InstrumentationActivityInvoker$EmptyActivity"
133-->[androidx.test:core:1.7.0] AndroidManifest.xml:36:13-95
134            android:exported="true"
134-->[androidx.test:core:1.7.0] AndroidManifest.xml:37:13-36
135            android:theme="@style/WhiteBackgroundTheme" >
135-->[androidx.test:core:1.7.0] AndroidManifest.xml:38:13-56
136            <intent-filter android:priority="-100" >
136-->[androidx.test:core:1.7.0] AndroidManifest.xml:31:13-33:29
136-->[androidx.test:core:1.7.0] AndroidManifest.xml:31:28-51
137                <category android:name="android.intent.category.LAUNCHER" />
137-->src\main\AndroidManifest.xml:26:17-77
137-->src\main\AndroidManifest.xml:26:27-74
138            </intent-filter>
139        </activity>
140        <activity
140-->[androidx.test:core:1.7.0] AndroidManifest.xml:43:9-50:20
141            android:name="androidx.test.core.app.InstrumentationActivityInvoker$EmptyFloatingActivity"
141-->[androidx.test:core:1.7.0] AndroidManifest.xml:44:13-103
142            android:exported="true"
142-->[androidx.test:core:1.7.0] AndroidManifest.xml:45:13-36
143            android:theme="@style/WhiteBackgroundDialogTheme" >
143-->[androidx.test:core:1.7.0] AndroidManifest.xml:46:13-62
144            <intent-filter android:priority="-100" >
144-->[androidx.test:core:1.7.0] AndroidManifest.xml:31:13-33:29
144-->[androidx.test:core:1.7.0] AndroidManifest.xml:31:28-51
145                <category android:name="android.intent.category.LAUNCHER" />
145-->src\main\AndroidManifest.xml:26:17-77
145-->src\main\AndroidManifest.xml:26:27-74
146            </intent-filter>
147        </activity>
148        <activity
148-->[androidx.compose.ui:ui-tooling-android:1.11.2] AndroidManifest.xml:23:9-25:39
149            android:name="androidx.compose.ui.tooling.PreviewActivity"
149-->[androidx.compose.ui:ui-tooling-android:1.11.2] AndroidManifest.xml:24:13-71
150            android:exported="true" />
150-->[androidx.compose.ui:ui-tooling-android:1.11.2] AndroidManifest.xml:25:13-36
151
152        <receiver
152-->[androidx.profileinstaller:profileinstaller:1.4.0] AndroidManifest.xml:34:9-52:20
153            android:name="androidx.profileinstaller.ProfileInstallReceiver"
153-->[androidx.profileinstaller:profileinstaller:1.4.0] AndroidManifest.xml:35:13-76
154            android:directBootAware="false"
154-->[androidx.profileinstaller:profileinstaller:1.4.0] AndroidManifest.xml:36:13-44
155            android:enabled="true"
155-->[androidx.profileinstaller:profileinstaller:1.4.0] AndroidManifest.xml:37:13-35
156            android:exported="true"
156-->[androidx.profileinstaller:profileinstaller:1.4.0] AndroidManifest.xml:38:13-36
157            android:permission="android.permission.DUMP" >
157-->[androidx.profileinstaller:profileinstaller:1.4.0] AndroidManifest.xml:39:13-57
158            <intent-filter>
158-->[androidx.profileinstaller:profileinstaller:1.4.0] AndroidManifest.xml:40:13-42:29
159                <action android:name="androidx.profileinstaller.action.INSTALL_PROFILE" />
159-->[androidx.profileinstaller:profileinstaller:1.4.0] AndroidManifest.xml:41:17-91
159-->[androidx.profileinstaller:profileinstaller:1.4.0] AndroidManifest.xml:41:25-88
160            </intent-filter>
161            <intent-filter>
161-->[androidx.profileinstaller:profileinstaller:1.4.0] AndroidManifest.xml:43:13-45:29
162                <action android:name="androidx.profileinstaller.action.SKIP_FILE" />
162-->[androidx.profileinstaller:profileinstaller:1.4.0] AndroidManifest.xml:44:17-85
162-->[androidx.profileinstaller:profileinstaller:1.4.0] AndroidManifest.xml:44:25-82
163            </intent-filter>
164            <intent-filter>
164-->[androidx.profileinstaller:profileinstaller:1.4.0] AndroidManifest.xml:46:13-48:29
165                <action android:name="androidx.profileinstaller.action.SAVE_PROFILE" />
165-->[androidx.profileinstaller:profileinstaller:1.4.0] AndroidManifest.xml:47:17-88
165-->[androidx.profileinstaller:profileinstaller:1.4.0] AndroidManifest.xml:47:25-85
166            </intent-filter>
167            <intent-filter>
167-->[androidx.profileinstaller:profileinstaller:1.4.0] AndroidManifest.xml:49:13-51:29
168                <action android:name="androidx.profileinstaller.action.BENCHMARK_OPERATION" />
168-->[androidx.profileinstaller:profileinstaller:1.4.0] AndroidManifest.xml:50:17-95
168-->[androidx.profileinstaller:profileinstaller:1.4.0] AndroidManifest.xml:50:25-92
169            </intent-filter>
170        </receiver>
171
172        <service
172-->[com.google.android.datatransport:transport-backend-cct:2.3.3] AndroidManifest.xml:29:9-35:19
173            android:name="com.google.android.datatransport.runtime.backends.TransportBackendDiscovery"
173-->[com.google.android.datatransport:transport-backend-cct:2.3.3] AndroidManifest.xml:30:13-103
174            android:exported="false" >
174-->[com.google.android.datatransport:transport-backend-cct:2.3.3] AndroidManifest.xml:31:13-37
175            <meta-data
175-->[com.google.android.datatransport:transport-backend-cct:2.3.3] AndroidManifest.xml:32:13-34:39
176                android:name="backend:com.google.android.datatransport.cct.CctBackendFactory"
176-->[com.google.android.datatransport:transport-backend-cct:2.3.3] AndroidManifest.xml:33:17-94
177                android:value="cct" />
177-->[com.google.android.datatransport:transport-backend-cct:2.3.3] AndroidManifest.xml:34:17-36
178        </service>
179        <service
179-->[com.google.android.datatransport:transport-runtime:2.2.6] AndroidManifest.xml:26:9-30:19
180            android:name="com.google.android.datatransport.runtime.scheduling.jobscheduling.JobInfoSchedulerService"
180-->[com.google.android.datatransport:transport-runtime:2.2.6] AndroidManifest.xml:27:13-117
181            android:exported="false"
181-->[com.google.android.datatransport:transport-runtime:2.2.6] AndroidManifest.xml:28:13-37
182            android:permission="android.permission.BIND_JOB_SERVICE" >
182-->[com.google.android.datatransport:transport-runtime:2.2.6] AndroidManifest.xml:29:13-69
183        </service>
184
185        <receiver
185-->[com.google.android.datatransport:transport-runtime:2.2.6] AndroidManifest.xml:32:9-34:40
186            android:name="com.google.android.datatransport.runtime.scheduling.jobscheduling.AlarmManagerSchedulerBroadcastReceiver"
186-->[com.google.android.datatransport:transport-runtime:2.2.6] AndroidManifest.xml:33:13-132
187            android:exported="false" />
187-->[com.google.android.datatransport:transport-runtime:2.2.6] AndroidManifest.xml:34:13-37
188    </application>
189
190</manifest>